{"total": {"lines":{"total":172,"covered":165,"skipped":0,"pct":95.93},"statements":{"total":192,"covered":180,"skipped":0,"pct":93.75},"functions":{"total":21,"covered":17,"skipped":0,"pct":80.95},"branches":{"total":156,"covered":139,"skipped":0,"pct":89.1},"branchesTrue":{"total":0,"covered":0,"skipped":0,"pct":100}}
,"C:\\dev\\kit-personagens-api\\src\\lib\\stripe.ts": {"lines":{"total":2,"covered":2,"skipped":0,"pct":100},"functions":{"total":1,"covered":1,"skipped":0,"pct":100},"statements":{"total":2,"covered":2,"skipped":0,"pct":100},"branches":{"total":0,"covered":0,"skipped":0,"pct":100}}
,"C:\\dev\\kit-personagens-api\\src\\lib\\supabase.ts": {"lines":{"total":5,"covered":0,"skipped":0,"pct":0},"functions":{"total":2,"covered":0,"skipped":0,"pct":0},"statements":{"total":5,"covered":0,"skipped":0,"pct":0},"branches":{"total":0,"covered":0,"skipped":0,"pct":100}}
,"C:\\dev\\kit-personagens-api\\src\\middleware\\auth.ts": {"lines":{"total":27,"covered":27,"skipped":0,"pct":100},"functions":{"total":2,"covered":2,"skipped":0,"pct":100},"statements":{"total":27,"covered":27,"skipped":0,"pct":100},"branches":{"total":14,"covered":14,"skipped":0,"pct":100}}
,"C:\\dev\\kit-personagens-api\\src\\routes\\admin.ts": {"lines":{"total":48,"covered":48,"skipped":0,"pct":100},"functions":{"total":11,"covered":9,"skipped":0,"pct":81.81},"statements":{"total":58,"covered":53,"skipped":0,"pct":91.37},"branches":{"total":24,"covered":17,"skipped":0,"pct":70.83}}
,"C:\\dev\\kit-personagens-api\\src\\routes\\checkout.ts": {"lines":{"total":37,"covered":35,"skipped":0,"pct":94.59},"functions":{"total":2,"covered":2,"skipped":0,"pct":100},"statements":{"total":43,"covered":41,"skipped":0,"pct":95.34},"branches":{"total":26,"covered":22,"skipped":0,"pct":84.61}}
,"C:\\dev\\kit-personagens-api\\src\\routes\\kits.ts": {"lines":{"total":36,"covered":36,"skipped":0,"pct":100},"functions":{"total":2,"covered":2,"skipped":0,"pct":100},"statements":{"total":38,"covered":38,"skipped":0,"pct":100},"branches":{"total":82,"covered":77,"skipped":0,"pct":93.9}}
,"C:\\dev\\kit-personagens-api\\src\\routes\\webhooks.ts": {"lines":{"total":17,"covered":17,"skipped":0,"pct":100},"functions":{"total":1,"covered":1,"skipped":0,"pct":100},"statements":{"total":19,"covered":19,"skipped":0,"pct":100},"branches":{"total":10,"covered":9,"skipped":0,"pct":90}}
}
